[2144][2018-12-11 18:27:00]
[2144][2018-12-11 18:27:01]<Hackmap>: Sting's Hackmap For Diablo II fixed by ding (v1.13c.1.5) installed.
[2144][2018-12-11 18:27:01]<Hackmap>: 一葉周年版, E鍵BUGKB/KD保護, N鍵物品鑒別方案, V鍵顯示垃圾物品, X鍵切換物品顯示模式 
[2144][2018-12-11 18:27:04]1625顆喬丹之石賣給商人
[2144][2018-12-11 18:28:04]<Hackmap>: Perm show items on.
[2144][2018-12-11 18:28:06]<Hackmap>: Perm show items off.
[2144][2018-12-11 18:28:08]<Hackmap>: Switch to Item Show Mode  1 to 2
[2144][2018-12-11 18:28:09]<Hackmap>: Switch to Item Show Mode  2 to 3
[2144][2018-12-11 18:28:10]<Hackmap>: Switch to Item Show Mode  3 to 1
[2144][2018-12-11 18:28:12]<Hackmap>: Show hidden items on.
[2144][2018-12-11 18:28:12]<Hackmap>: Show hidden items off.
[2144][2018-12-11 18:29:19]---EXP gained[9245]---
[2144][2018-12-11 18:29:19]---twiceA(*) exit game---
[2444][2018-12-11 18:59:08]
[2444][2018-12-11 18:59:08]<Hackmap>: Sting's Hackmap For Diablo II fixed by ding (v1.13c.1.5) installed.
[2444][2018-12-11 18:59:08]<Hackmap>: 一葉周年版, E鍵BUGKB/KD保護, N鍵物品鑒別方案, V鍵顯示垃圾物品, X鍵切換物品顯示模式 
[2444][2018-12-11 18:59:12]2165顆喬丹之石賣給商人
[2444][2018-12-11 18:59:30]<Hackmap>: Show hidden items on.
[2444][2018-12-11 18:59:33]<Hackmap>: Perm show items on.
[2444][2018-12-11 19:01:36]<Hackmap>: Show hidden items off.
[2444][2018-12-11 19:06:28]---EXP gained[148366]---
[2444][2018-12-11 19:06:28]---twiceA(*) exit game---
[3E10][2018-12-11 19:14:28]
[3E10][2018-12-11 19:14:28]<Hackmap>: Sting's Hackmap For Diablo II fixed by ding (v1.13c.1.5) installed.
[3E10][2018-12-11 19:14:28]<Hackmap>: 一葉周年版, E鍵BUGKB/KD保護, N鍵物品鑒別方案, V鍵顯示垃圾物品, X鍵切換物品顯示模式 
[3E10][2018-12-11 19:14:29]twiceA：players set to 5
[3E10][2018-12-11 19:14:32]2422顆喬丹之石賣給商人
[3E10][2018-12-11 19:14:38]<Hackmap>: Perm show items on.
[3E10][2018-12-11 19:14:39]<Hackmap>: Perm show items off.
[3E10][2018-12-11 19:14:41]<Hackmap>: Out of town select off.
[3E10][2018-12-11 19:14:41]<Hackmap>: View socketed base on.
[3E10][2018-12-11 19:14:46]<Hackmap>: Show hidden items on.
[3E10][2018-12-11 19:14:47]<Hackmap>: Show hidden items off.
[3E10][2018-12-11 19:14:48]<Hackmap>: Chicken Dangerous Monster on.
[3E10][2018-12-11 19:14:48]<Hackmap>: Chicken life on.
[3E10][2018-12-11 19:14:54]<Hackmap>: Perm show items on.
[3E10][2018-12-11 19:14:57]---EXP gained[0]---
[3E10][2018-12-11 19:14:57]---twiceA(*) exit game---
[3D78][2018-12-11 19:15:13]
[3D78][2018-12-11 19:15:13]<Hackmap>: Sting's Hackmap For Diablo II fixed by ding (v1.13c.1.5) installed.
[3D78][2018-12-11 19:15:13]<Hackmap>: 一葉周年版, E鍵BUGKB/KD保護, N鍵物品鑒別方案, V鍵顯示垃圾物品, X鍵切換物品顯示模式 
[3D78][2018-12-11 19:15:14]twiceA：players set to 5
[3D78][2018-12-11 19:15:18]2435顆喬丹之石賣給商人
[3D78][2018-12-11 19:16:29]<Hackmap>: Switch to Item Show Mode  1 to 2
[3D78][2018-12-11 19:16:29]<Hackmap>: Switch to Item Show Mode  2 to 3
[3D78][2018-12-11 19:16:30]<Hackmap>: Switch to Item Show Mode  3 to 1
[3D78][2018-12-11 19:16:30]<Hackmap>: Switch to Item Show Mode  1 to 2
[3D78][2018-12-11 19:16:32]---EXP gained[0]---
[3D78][2018-12-11 19:16:32]---twiceA(*) exit game---
[3E08][2018-12-11 19:17:50]
[3E08][2018-12-11 19:17:50]<Hackmap>: Sting's Hackmap For Diablo II fixed by ding (v1.13c.1.5) installed.
[3E08][2018-12-11 19:17:50]<Hackmap>: 一葉周年版, E鍵BUGKB/KD保護, N鍵物品鑒別方案, V鍵顯示垃圾物品, X鍵切換物品顯示模式 
[3E08][2018-12-11 19:17:51]twiceA：players set to 5
[3E08][2018-12-11 19:17:55]2468顆喬丹之石賣給商人
[3E08][2018-12-11 19:18:01]<Hackmap>: Keep game window off.
[3E08][2018-12-11 19:18:02]<Hackmap>: Keep game window on.
[3E08][2018-12-11 19:18:04]<Hackmap>: Keep game window off.
[3E08][2018-12-11 19:18:06]<Hackmap>: Keep game window on.
[3E08][2018-12-11 19:18:06]<Hackmap>: Keep game window off.
[3E08][2018-12-11 19:18:09]<Hackmap>: Out of town select off.
[3E08][2018-12-11 19:18:10]<Hackmap>: Out of town select on.
[3E08][2018-12-11 19:18:10]<Hackmap>: View socketed base on.
[3E08][2018-12-11 19:18:11]<Hackmap>: Chicken Dangerous Monster on.
[3E08][2018-12-11 19:18:12]<Hackmap>: Chicken Dangerous Monster off.
[3E08][2018-12-11 19:18:13]<Hackmap>: Chicken Dangerous Monster on.
[3E08][2018-12-11 19:18:13]<Hackmap>: Chicken life on.
[3E08][2018-12-11 19:18:14]<Hackmap>: Chicken life off.
[3E08][2018-12-11 19:18:16]<Hackmap>: Chicken life on.
[3E08][2018-12-11 19:18:16]<Hackmap>: Chicken life off.
[3E08][2018-12-11 19:18:16]<Hackmap>: Chicken life on.
[3E08][2018-12-11 19:18:17]<Hackmap>: Chicken life off.
[3E08][2018-12-11 19:18:17]<Hackmap>: Chicken life on.
[3E08][2018-12-11 19:18:18]<Hackmap>: Chicken life off.
[3E08][2018-12-11 19:18:18]<Hackmap>: Chicken life on.
[3E08][2018-12-11 19:18:22]<Hackmap>: Chicken life off.
[3E08][2018-12-11 19:18:23]<Hackmap>: Chicken life on.
[3E08][2018-12-11 19:18:29]<Hackmap>: Bug KD Protect on.
[3E08][2018-12-11 19:18:29]<Hackmap>: Bug KB Protect off.
[3E08][2018-12-11 19:18:30]<Hackmap>: View socketed base off.
[3E08][2018-12-11 19:18:31]<Hackmap>: View socketed base on.
[3E08][2018-12-11 19:18:31]<Hackmap>: View socketed base off.
[3E08][2018-12-11 19:18:34]<Hackmap>: Perm show items on.
[3E08][2018-12-11 19:20:37]---EXP gained[0]---
[3E08][2018-12-11 19:20:37]---twiceA(*) exit game---
[3E08][2018-12-11 19:20:41]
[3E08][2018-12-11 19:20:41]<Hackmap>: Sting's Hackmap For Diablo II fixed by ding (v1.13c.1.5) installed.
[3E08][2018-12-11 19:20:41]<Hackmap>: 一葉周年版, E鍵BUGKB/KD保護, N鍵物品鑒別方案, V鍵顯示垃圾物品, X鍵切換物品顯示模式 
[3E08][2018-12-11 19:20:41]twiceA：players set to 5
[3E08][2018-12-11 19:20:45]2468顆喬丹之石賣給商人
[3E08][2018-12-11 19:21:34]---EXP gained[0]---
[3E08][2018-12-11 19:21:34]---twiceA(*) exit game---
[3F14][2018-12-11 19:21:46]
[3F14][2018-12-11 19:21:46]<Hackmap>: Sting's Hackmap For Diablo II fixed by ding (v1.13c.1.5) installed.
[3F14][2018-12-11 19:21:46]<Hackmap>: 一葉周年版, E鍵BUGKB/KD保護, N鍵物品鑒別方案, V鍵顯示垃圾物品, X鍵切換物品顯示模式 
[3F14][2018-12-11 19:21:47]twiceA：players set to 5
[3F14][2018-12-11 19:21:51]2544顆喬丹之石賣給商人
[3F14][2018-12-11 19:22:47]---EXP gained[2755]---
[3F14][2018-12-11 19:22:47]---twiceA(*) exit game---
[3524][2018-12-11 19:38:22]
[3524][2018-12-11 19:38:22]<Hackmap>: Sting's Hackmap For Diablo II fixed by ding (v1.13c.1.5) installed.
[3524][2018-12-11 19:38:23]<Hackmap>: 一葉周年版, E鍵BUGKB/KD保護, N鍵物品鑒別方案, V鍵顯示垃圾物品, X鍵切換物品顯示模式 
[3524][2018-12-11 19:38:30]<Hackmap>: Chicken life on.
[3524][2018-12-11 19:38:31]<Hackmap>: Chicken life off.
[3524][2018-12-11 19:38:31]<Hackmap>: Chicken Dangerous Monster on.
[3524][2018-12-11 19:38:31]<Hackmap>: Chicken life on.
[3524][2018-12-11 19:38:31]<Hackmap>: Chicken Dangerous Monster off.
[3524][2018-12-11 19:38:32]<Hackmap>: Chicken Dangerous Monster on.
[3524][2018-12-11 19:38:32]<Hackmap>: View socketed base on.
[3524][2018-12-11 19:38:32]<Hackmap>: Chicken Dangerous Monster off.
[3524][2018-12-11 19:38:32]<Hackmap>: View socketed base off.
[3524][2018-12-11 19:38:39]<Hackmap>: Switch to Item Show Mode  1 to 2
[3524][2018-12-11 19:38:39]<Hackmap>: Switch to Item Show Mode  2 to 3
[3524][2018-12-11 19:38:40]<Hackmap>: Show hidden items on.
[3524][2018-12-11 19:38:40]<Hackmap>: Show hidden items off.
[3524][2018-12-11 19:42:52]---EXP gained[0]---
[3524][2018-12-11 19:42:52]---twiceA(*) exit game---
[3524][2018-12-11 19:42:57]
[3524][2018-12-11 19:42:57]<Hackmap>: Sting's Hackmap For Diablo II fixed by ding (v1.13c.1.5) installed.
[3524][2018-12-11 19:42:57]<Hackmap>: 一葉周年版, E鍵BUGKB/KD保護, N鍵物品鑒別方案, V鍵顯示垃圾物品, X鍵切換物品顯示模式 
[3524][2018-12-11 19:43:01]---EXP gained[0]---
[3524][2018-12-11 19:43:01]---twiceA(*) exit game---
[0D40][2018-12-11 19:43:47]
[0D40][2018-12-11 19:43:47]<Hackmap>: Sting's Hackmap For Diablo II fixed by ding (v1.13c.1.5) installed.
[0D40][2018-12-11 19:43:48]<Hackmap>: 一葉周年版, E鍵BUGKB/KD保護, N鍵物品鑒別方案, V鍵顯示垃圾物品, X鍵切換物品顯示模式 
[0D40][2018-12-11 19:43:54]---EXP gained[0]---
[0D40][2018-12-11 19:43:54]---twiceA(*) exit game---
[38C8][2018-12-11 19:44:22]
[38C8][2018-12-11 19:44:22]<Hackmap>: Sting's Hackmap For Diablo II fixed by ding (v1.13c.1.5) installed.
[38C8][2018-12-11 19:44:22]<Hackmap>: 一葉周年版, E鍵BUGKB/KD保護, N鍵物品鑒別方案, V鍵顯示垃圾物品, X鍵切換物品顯示模式 
[38C8][2018-12-11 19:44:25]---EXP gained[0]---
[38C8][2018-12-11 19:44:25]---twiceA(*) exit game---
[3FC0][2018-12-11 19:44:49]
[3FC0][2018-12-11 19:44:49]<Hackmap>: Sting's Hackmap For Diablo II fixed by ding (v1.13c.1.5) installed.
[3FC0][2018-12-11 19:44:49]<Hackmap>: 一葉周年版, E鍵BUGKB/KD保護, N鍵物品鑒別方案, V鍵顯示垃圾物品, X鍵切換物品顯示模式 
[3FC0][2018-12-11 19:44:52]---EXP gained[0]---
[3FC0][2018-12-11 19:44:52]---twiceA(*) exit game---
[1D60][2018-12-11 19:45:26]
[1D60][2018-12-11 19:45:26]<Hackmap>: Sting's Hackmap For Diablo II fixed by ding (v1.13c.1.5) installed.
[1D60][2018-12-11 19:45:27]<Hackmap>: 一葉周年版, E鍵BUGKB/KD保護, N鍵物品鑒別方案, V鍵顯示垃圾物品, X鍵切換物品顯示模式 
[1D60][2018-12-11 19:45:30]---EXP gained[0]---
[1D60][2018-12-11 19:45:30]---twiceA(*) exit game---
[3CAC][2018-12-11 19:47:34]
[3CAC][2018-12-11 19:47:34]<Hackmap>: Sting's Hackmap For Diablo II fixed by ding (v1.13c.1.5) installed.
[3CAC][2018-12-11 19:47:34]<Hackmap>: 一葉周年版, E鍵BUGKB/KD保護, N鍵物品鑒別方案, V鍵顯示垃圾物品, X鍵切換物品顯示模式 
[3CAC][2018-12-11 19:47:43]---EXP gained[0]---
[3CAC][2018-12-11 19:47:43]---twiceA(*) exit game---
[08AC][2018-12-11 19:48:52]
[08AC][2018-12-11 19:48:53]<Hackmap>: Sting's Hackmap For Diablo II fixed by ding (v1.13c.1.5) installed.
[08AC][2018-12-11 19:48:53]<Hackmap>: 一葉周年版, E鍵BUGKB/KD保護, N鍵物品鑒別方案, V鍵顯示垃圾物品, X鍵切換物品顯示模式 
[08AC][2018-12-11 19:48:56]---EXP gained[0]---
[08AC][2018-12-11 19:48:56]---twiceA(*) exit game---
[27E8][2018-12-11 19:50:02]
[27E8][2018-12-11 19:50:02]<Hackmap>: Sting's Hackmap For Diablo II fixed by ding (v1.13c.1.5) installed.
[27E8][2018-12-11 19:50:02]<Hackmap>: 一葉周年版, E鍵BUGKB/KD保護, N鍵物品鑒別方案, V鍵顯示垃圾物品, X鍵切換物品顯示模式 
[27E8][2018-12-11 19:50:05]---EXP gained[0]---
[27E8][2018-12-11 19:50:05]---twiceA(*) exit game---
[3964][2018-12-11 19:53:43]
[3964][2018-12-11 19:53:43]<Hackmap>: Sting's Hackmap For Diablo II fixed by ding (v1.13c.1.5) installed.
[3964][2018-12-11 19:53:44]<Hackmap>: 一葉周年版, E鍵BUGKB/KD保護, N鍵物品鑒別方案, V鍵顯示垃圾物品, X鍵切換物品顯示模式 
[3964][2018-12-11 19:53:46]---EXP gained[0]---
[3964][2018-12-11 19:53:46]---twiceA(*) exit game---
[06F0][2018-12-11 19:56:40]
[06F0][2018-12-11 19:56:40]<Hackmap>: Sting's Hackmap For Diablo II fixed by ding (v1.13c.1.5) installed.
[06F0][2018-12-11 19:56:40]<Hackmap>: 一葉周年版, E鍵BUGKB/KD保護, N鍵物品鑒別方案, V鍵顯示垃圾物品, X鍵切換物品顯示模式 
[06F0][2018-12-11 19:56:40]twiceA：players set to 8
[06F0][2018-12-11 19:56:43]---EXP gained[0]---
[06F0][2018-12-11 19:56:43]---twiceA(*) exit game---
[071C][2018-12-11 19:57:23]
[071C][2018-12-11 19:57:23]<Hackmap>: Sting's Hackmap For Diablo II fixed by ding (v1.13c.1.5) installed.
[071C][2018-12-11 19:57:23]<Hackmap>: 一葉周年版, E鍵BUGKB/KD保護, N鍵物品鑒別方案, V鍵顯示垃圾物品, X鍵切換物品顯示模式 
[071C][2018-12-11 19:57:24]twiceA：players set to 8
[071C][2018-12-11 19:57:28]340顆喬丹之石賣給商人
[071C][2018-12-11 19:57:41]---EXP gained[0]---
[071C][2018-12-11 19:57:41]---twiceA(*) exit game---
[071C][2018-12-11 19:59:39]
[071C][2018-12-11 19:59:39]<Hackmap>: Sting's Hackmap For Diablo II fixed by ding (v1.13c.1.5) installed.
[071C][2018-12-11 19:59:39]<Hackmap>: 一葉周年版, E鍵BUGKB/KD保護, N鍵物品鑒別方案, V鍵顯示垃圾物品, X鍵切換物品顯示模式 
[071C][2018-12-11 19:59:40]bigTigerForce：players set to 8
[071C][2018-12-11 19:59:43]340顆喬丹之石賣給商人
[071C][2018-12-11 20:03:58]<Hackmap>: Show hidden items on.
[071C][2018-12-11 20:03:59]<Hackmap>: Perm show items on.
[071C][2018-12-11 20:08:15]---EXP gained[189621]---
[071C][2018-12-11 20:08:15]---bigTigerForce(*) exit game---
[40E8][2018-12-11 21:18:05]
[40E8][2018-12-11 21:18:05]<Hackmap>: Sting's Hackmap For Diablo II fixed by ding (v1.13c.1.5) installed.
[40E8][2018-12-11 21:18:06]<Hackmap>: 一葉周年版, E鍵BUGKB/KD保護, N鍵物品鑒別方案, V鍵顯示垃圾物品, X鍵切換物品顯示模式 
[40E8][2018-12-11 21:18:07]NEW_NEC：players set to 8
[40E8][2018-12-11 21:18:09]1691顆喬丹之石賣給商人
[40E8][2018-12-11 21:19:09]---EXP gained[0]---
[40E8][2018-12-11 21:19:09]---NEW_NEC(*) exit game---
[3C24][2018-12-11 21:22:55]
[3C24][2018-12-11 21:22:56]<Hackmap>: Sting's Hackmap For Diablo II fixed by ding (v1.13c.1.5) installed.
[3C24][2018-12-11 21:22:56]<Hackmap>: 一葉周年版, E鍵BUGKB/KD保護, N鍵物品鑒別方案, V鍵顯示垃圾物品, X鍵切換物品顯示模式 
[3C24][2018-12-11 21:22:56]bigTigerForce：players set to 8
[3C24][2018-12-11 21:23:00]1772顆喬丹之石賣給商人
[3C24][2018-12-11 21:23:32]---EXP gained[531]---
[3C24][2018-12-11 21:23:32]---bigTigerForce(*) exit game---
[42BC][2018-12-11 21:23:54]
[42BC][2018-12-11 21:23:54]<Hackmap>: Sting's Hackmap For Diablo II fixed by ding (v1.13c.1.5) installed.
[42BC][2018-12-11 21:23:54]<Hackmap>: 一葉周年版, E鍵BUGKB/KD保護, N鍵物品鑒別方案, V鍵顯示垃圾物品, X鍵切換物品顯示模式 
[42BC][2018-12-11 21:23:55]bigTigerForce：players set to 18
[42BC][2018-12-11 21:23:58]1789顆喬丹之石賣給商人
[42BC][2018-12-11 21:24:24]---EXP gained[8716]---
[42BC][2018-12-11 21:24:24]---bigTigerForce(*) exit game---
[1CC0][2018-12-11 21:24:41]
[1CC0][2018-12-11 21:24:41]<Hackmap>: Sting's Hackmap For Diablo II fixed by ding (v1.13c.1.5) installed.
[1CC0][2018-12-11 21:24:41]<Hackmap>: 一葉周年版, E鍵BUGKB/KD保護, N鍵物品鑒別方案, V鍵顯示垃圾物品, X鍵切換物品顯示模式 
[1CC0][2018-12-11 21:24:42]bigTigerForce：players set to 8
[1CC0][2018-12-11 21:24:46]1802顆喬丹之石賣給商人
[1CC0][2018-12-11 21:26:22]<Hackmap>: Perm show items on.
[1CC0][2018-12-11 21:26:31]<Hackmap>: Warning !! Only 0 Townportals Left 
[1CC0][2018-12-11 21:26:31]<Hackmap>: Warning !! Only 0 Townportals Left 
[1CC0][2018-12-11 21:28:02]<Hackmap>: Warning !! Only 0 Townportals Left 
[1CC0][2018-12-11 21:28:02]<Hackmap>: Warning !! Only 0 Townportals Left 
[1CC0][2018-12-11 21:28:47]<Hackmap>: Warning !! Only 0 Townportals Left 
[1CC0][2018-12-11 21:28:47]<Hackmap>: Warning !! Only 0 Townportals Left 
[1CC0][2018-12-11 21:30:02]<Hackmap>: Perm show items off.
[1CC0][2018-12-11 21:30:03]<Hackmap>: Perm show items on.
[1CC0][2018-12-11 21:30:03]<Hackmap>: Perm show items off.
[1CC0][2018-12-11 21:30:05]<Hackmap>: Show hidden items on.
[1CC0][2018-12-11 21:30:06]<Hackmap>: Perm show items on.
[1CC0][2018-12-11 21:30:07]<Hackmap>: Show hidden items off.
[1CC0][2018-12-11 21:41:00]<Hackmap>: Show hidden items on.
[1CC0][2018-12-11 21:41:04]<Hackmap>: Show hidden items off.
[1CC0][2018-12-11 21:41:09]<Hackmap>: Warning !! Only 0 Townportals Left 
[1CC0][2018-12-11 21:41:09]<Hackmap>: Warning !! Only 0 Townportals Left 
[1CC0][2018-12-11 21:45:08]<Hackmap>: Perm show items off.
[1CC0][2018-12-11 21:45:09]<Hackmap>: Perm show items on.
[1CC0][2018-12-11 21:45:15]<Hackmap>: Warning !! Only 0 Townportals Left 
[1CC0][2018-12-11 21:45:15]<Hackmap>: Warning !! Only 0 Townportals Left 
[1CC0][2018-12-11 21:46:50]<Hackmap>: Warning !! Only 0 Townportals Left 
[1CC0][2018-12-11 21:46:50]<Hackmap>: Warning !! Only 0 Townportals Left 
[1CC0][2018-12-11 21:47:50]<Hackmap>: Warning !! Only 0 Townportals Left 
[1CC0][2018-12-11 21:47:50]<Hackmap>: Warning !! Only 0 Townportals Left 
[1CC0][2018-12-11 21:54:26]---EXP gained[3573583]---
[1CC0][2018-12-11 21:54:26]---bigTigerForce(*) exit game---
[31F8][2018-12-12 12:45:48]
[31F8][2018-12-12 12:45:48]<Hackmap>: Sting's Hackmap For Diablo II fixed by ding (v1.13c.1.5) installed.
[31F8][2018-12-12 12:45:49]<Hackmap>: 一葉周年版, E鍵BUGKB/KD保護, N鍵物品鑒別方案, V鍵顯示垃圾物品, X鍵切換物品顯示模式 
[31F8][2018-12-12 12:45:50]bigTigerForce：players set to 8
[31F8][2018-12-12 12:45:52]422顆喬丹之石賣給商人
[31F8][2018-12-12 12:47:33]<Hackmap>: Show hidden items on.
[31F8][2018-12-12 12:47:34]<Hackmap>: Perm show items on.
[31F8][2018-12-12 12:47:37]<Hackmap>: Show hidden items off.
[31F8][2018-12-12 12:47:37]<Hackmap>: Show hidden items on.
[31F8][2018-12-12 12:47:39]<Hackmap>: Show hidden items off.
[31F8][2018-12-12 12:49:14]<Hackmap>: Show hidden items on.
[31F8][2018-12-12 12:49:16]<Hackmap>: Show hidden items off.
[31F8][2018-12-12 12:50:33]<Hackmap>: Show hidden items on.
[31F8][2018-12-12 12:50:39]<Hackmap>: Show hidden items off.
[31F8][2018-12-12 12:51:16]<Hackmap>: Show hidden items on.
[31F8][2018-12-12 12:51:22]<Hackmap>: Show hidden items off.
[31F8][2018-12-12 12:52:59]<Hackmap>: Show hidden items on.
[31F8][2018-12-12 12:53:07]<Hackmap>: Show hidden items off.
[31F8][2018-12-12 12:54:47]<Hackmap>: Show hidden items on.
[31F8][2018-12-12 12:54:49]<Hackmap>: Show hidden items off.
[31F8][2018-12-12 12:55:44]<Hackmap>: Show hidden items on.
[31F8][2018-12-12 12:55:46]<Hackmap>: Show hidden items off.
[31F8][2018-12-12 12:55:47]<Hackmap>: Show hidden items on.
[31F8][2018-12-12 12:55:50]<Hackmap>: Show hidden items off.
[31F8][2018-12-12 12:57:04]<Hackmap>: Show hidden items on.
[31F8][2018-12-12 12:57:06]<Hackmap>: Show hidden items off.
[31F8][2018-12-12 12:57:07]<Hackmap>: Show hidden items on.
[31F8][2018-12-12 12:57:21]<Hackmap>: Show hidden items off.
[31F8][2018-12-12 13:00:00]<Hackmap>: Show hidden items on.
[31F8][2018-12-12 13:00:04]<Hackmap>: Show hidden items off.
[31F8][2018-12-12 13:01:50]<Hackmap>: Show hidden items on.
[31F8][2018-12-12 13:01:52]<Hackmap>: Show hidden items off.
[31F8][2018-12-12 13:06:48]<Hackmap>: Show hidden items on.
[31F8][2018-12-12 13:06:51]<Hackmap>: Show hidden items off.
[31F8][2018-12-12 13:14:13]---EXP gained[89875094]---
[31F8][2018-12-12 13:14:13]---bigTigerForce(*) exit game---
[31F8][2018-12-12 13:14:20]
[31F8][2018-12-12 13:14:20]<Hackmap>: Sting's Hackmap For Diablo II fixed by ding (v1.13c.1.5) installed.
[31F8][2018-12-12 13:14:20]<Hackmap>: 一葉周年版, E鍵BUGKB/KD保護, N鍵物品鑒別方案, V鍵顯示垃圾物品, X鍵切換物品顯示模式 
[31F8][2018-12-12 13:14:21]bigTigerForce：players set to 8
[31F8][2018-12-12 13:14:24]422顆喬丹之石賣給商人
[31F8][2018-12-12 13:28:17]---EXP gained[20230134]---
[31F8][2018-12-12 13:28:17]---bigTigerForce(*) exit game---
[45FC][2018-12-12 17:46:54]
[45FC][2018-12-12 17:46:54]<Hackmap>: Sting's Hackmap For Diablo II fixed by ding (v1.13c.1.5) installed.
[45FC][2018-12-12 17:46:55]<Hackmap>: 一葉周年版, E鍵BUGKB/KD保護, N鍵物品鑒別方案, V鍵顯示垃圾物品, X鍵切換物品顯示模式 
[45FC][2018-12-12 17:46:58]2663顆喬丹之石賣給商人
[45FC][2018-12-12 17:46:58]bigTigerForce：players set to 8
[45FC][2018-12-12 17:49:54]<Hackmap>: Show hidden items on.
[45FC][2018-12-12 17:49:55]<Hackmap>: Show hidden items off.
[45FC][2018-12-12 17:49:57]<Hackmap>: Perm show items on.
[45FC][2018-12-12 17:56:27]<Hackmap>: Show hidden items on.
[45FC][2018-12-12 17:56:29]<Hackmap>: Show hidden items off.
[45FC][2018-12-12 17:58:17]<Hackmap>: Show hidden items on.
[45FC][2018-12-12 17:58:19]<Hackmap>: Show hidden items off.
[45FC][2018-12-12 18:03:49]bigTigerForce死亡，殺死他的是燃燒的靈魂
[45FC][2018-12-12 18:03:57]---EXP gained[78058786]---
[45FC][2018-12-12 18:03:57]---bigTigerForce(*) exit game---
[45FC][2018-12-12 18:04:04]
[45FC][2018-12-12 18:04:04]<Hackmap>: Sting's Hackmap For Diablo II fixed by ding (v1.13c.1.5) installed.
[45FC][2018-12-12 18:04:04]<Hackmap>: 一葉周年版, E鍵BUGKB/KD保護, N鍵物品鑒別方案, V鍵顯示垃圾物品, X鍵切換物品顯示模式 
[45FC][2018-12-12 18:04:04]bigTigerForce：players set to 8
[45FC][2018-12-12 18:04:08]2663顆喬丹之石賣給商人
[45FC][2018-12-12 18:06:05]<Hackmap>: Show hidden items on.
[45FC][2018-12-12 18:06:08]<Hackmap>: Show hidden items off.
[45FC][2018-12-12 18:06:50]<Hackmap>: Show hidden items on.
[45FC][2018-12-12 18:06:52]<Hackmap>: Show hidden items off.
[45FC][2018-12-12 18:08:28]<Hackmap>: Show hidden items on.
[45FC][2018-12-12 18:10:47]<Hackmap>: Show hidden items off.
[45FC][2018-12-12 18:10:51]bigTigerForce死亡，殺死他的是遺忘騎士
[45FC][2018-12-12 18:10:57]---EXP gained[24643508]---
[45FC][2018-12-12 18:10:57]---bigTigerForce(*) exit game---
[45FC][2018-12-12 18:11:01]
[45FC][2018-12-12 18:11:01]<Hackmap>: Sting's Hackmap For Diablo II fixed by ding (v1.13c.1.5) installed.
[45FC][2018-12-12 18:11:01]<Hackmap>: 一葉周年版, E鍵BUGKB/KD保護, N鍵物品鑒別方案, V鍵顯示垃圾物品, X鍵切換物品顯示模式 
[45FC][2018-12-12 18:11:01]bigTigerForce：players set to 8
[45FC][2018-12-12 18:11:06]2663顆喬丹之石賣給商人
[45FC][2018-12-12 18:14:46]<Hackmap>: Show hidden items on.
[45FC][2018-12-12 18:14:49]<Hackmap>: Show hidden items off.
[45FC][2018-12-12 18:15:37]<Hackmap>: Show hidden items on.
[45FC][2018-12-12 18:15:40]<Hackmap>: Show hidden items off.
[45FC][2018-12-12 18:16:03]<Hackmap>: Show hidden items on.
[45FC][2018-12-12 18:16:06]<Hackmap>: Show hidden items off.
[45FC][2018-12-12 18:16:37]bigTigerForce死亡，殺死他的是暗黑破壞神
[45FC][2018-12-12 18:20:53]<Hackmap>: Show hidden items on.
[45FC][2018-12-12 18:20:56]<Hackmap>: Show hidden items off.
[45FC][2018-12-12 18:20:57]<Hackmap>: Show hidden items on.
[45FC][2018-12-12 18:21:04]<Hackmap>: Show hidden items off.
[45FC][2018-12-12 18:21:43]<Hackmap>: Show hidden items on.
[45FC][2018-12-12 18:21:45]<Hackmap>: Show hidden items off.
[45FC][2018-12-12 18:21:46]<Hackmap>: Show hidden items on.
[45FC][2018-12-12 18:24:50]<Hackmap>: Show hidden items off.
[45FC][2018-12-12 18:29:31]---EXP gained[119151221]---
[45FC][2018-12-12 18:29:31]---bigTigerForce(*) exit game---
[0F34][2018-12-13 12:52:06]
[0F34][2018-12-13 12:52:06]<Hackmap>: Sting's Hackmap For Diablo II fixed by ding (v1.13c.1.5) installed.
[0F34][2018-12-13 12:52:06]<Hackmap>: 一葉周年版, E鍵BUGKB/KD保護, N鍵物品鑒別方案, V鍵顯示垃圾物品, X鍵切換物品顯示模式 
[0F34][2018-12-13 12:52:08]bigTigerForce：players set to 8
[0F34][2018-12-13 12:52:08]2237顆喬丹之石賣給商人
[0F34][2018-12-13 12:57:26]---EXP gained[18415325]---
[0F34][2018-12-13 12:57:26]---bigTigerForce(*) exit game---
[0F34][2018-12-13 12:57:31]
[0F34][2018-12-13 12:57:31]<Hackmap>: Sting's Hackmap For Diablo II fixed by ding (v1.13c.1.5) installed.
[0F34][2018-12-13 12:57:31]<Hackmap>: 一葉周年版, E鍵BUGKB/KD保護, N鍵物品鑒別方案, V鍵顯示垃圾物品, X鍵切換物品顯示模式 
[0F34][2018-12-13 12:57:32]bigTigerForce：players set to 8
[0F34][2018-12-13 12:57:35]2237顆喬丹之石賣給商人
[0F34][2018-12-13 13:02:17]bigTigerForce死亡，殺死他的是不死靈魂殺手
[0F34][2018-12-13 13:02:24]---EXP gained[26197219]---
[0F34][2018-12-13 13:02:24]---bigTigerForce(*) exit game---
[0F34][2018-12-13 13:02:30]
[0F34][2018-12-13 13:02:30]<Hackmap>: Sting's Hackmap For Diablo II fixed by ding (v1.13c.1.5) installed.
[0F34][2018-12-13 13:02:30]<Hackmap>: 一葉周年版, E鍵BUGKB/KD保護, N鍵物品鑒別方案, V鍵顯示垃圾物品, X鍵切換物品顯示模式 
[0F34][2018-12-13 13:02:31]bigTigerForce：players set to 8
[0F34][2018-12-13 13:02:34]2237顆喬丹之石賣給商人
[0F34][2018-12-13 13:05:31]<Hackmap>: Perm show items on.
[0F34][2018-12-13 13:08:18]---EXP gained[260436304]---
[0F34][2018-12-13 13:08:18]---bigTigerForce(*) exit game---
[0F34][2018-12-13 13:08:24]
[0F34][2018-12-13 13:08:24]<Hackmap>: Sting's Hackmap For Diablo II fixed by ding (v1.13c.1.5) installed.
[0F34][2018-12-13 13:08:24]<Hackmap>: 一葉周年版, E鍵BUGKB/KD保護, N鍵物品鑒別方案, V鍵顯示垃圾物品, X鍵切換物品顯示模式 
[0F34][2018-12-13 13:08:25]bigTigerForce：players set to 8
[0F34][2018-12-13 13:08:29]2237顆喬丹之石賣給商人
[0F34][2018-12-13 13:15:19]<Hackmap>: Show hidden items on.
[0F34][2018-12-13 13:15:21]<Hackmap>: Show hidden items off.
[0F34][2018-12-13 13:17:02]<Hackmap>: Show hidden items on.
[0F34][2018-12-13 13:17:04]<Hackmap>: Show hidden items off.
[0F34][2018-12-13 13:17:53]---EXP gained[50646472]---
[0F34][2018-12-13 13:17:53]---bigTigerForce(*) exit game---
[3524][2018-12-13 18:41:54]
[3524][2018-12-13 18:41:54]<Hackmap>: Sting's Hackmap For Diablo II fixed by ding (v1.13c.1.5) installed.
[3524][2018-12-13 18:41:55]<Hackmap>: 一葉周年版, E鍵BUGKB/KD保護, N鍵物品鑒別方案, V鍵顯示垃圾物品, X鍵切換物品顯示模式 
[3524][2018-12-13 18:41:55]bigTigerForce：players set to 8
[3524][2018-12-13 18:41:57]2494顆喬丹之石賣給商人
[3524][2018-12-13 18:44:00]<Hackmap>: Show hidden items on.
[3524][2018-12-13 18:44:01]<Hackmap>: Perm show items on.
[3524][2018-12-13 18:44:09]<Hackmap>: Show hidden items off.
[3524][2018-12-13 18:44:32]<Hackmap>: Show hidden items on.
[3524][2018-12-13 18:44:36]<Hackmap>: Show hidden items off.
[3524][2018-12-13 18:44:38]<Hackmap>: Show hidden items on.
[3524][2018-12-13 18:44:44]<Hackmap>: Show hidden items off.
[3524][2018-12-13 18:46:42]<Hackmap>: Show hidden items on.
[3524][2018-12-13 18:48:13]<Hackmap>: Show hidden items off.
[3524][2018-12-13 18:49:13]<Hackmap>: Show hidden items on.
[3524][2018-12-13 18:50:39]<Hackmap>: Show hidden items off.
[3524][2018-12-13 18:52:39]<Hackmap>: Show hidden items on.
[3524][2018-12-13 18:52:43]<Hackmap>: Show hidden items off.
[3524][2018-12-13 18:53:11]<Hackmap>: Show hidden items on.
[3524][2018-12-13 18:56:42]<Hackmap>: Show hidden items off.
[3524][2018-12-13 18:56:52]<Hackmap>: Show hidden items on.
[3524][2018-12-13 18:56:53]<Hackmap>: Show hidden items off.
[3524][2018-12-13 18:57:58]bigTigerForce死亡，殺死他的是刺木魔
[3524][2018-12-13 18:58:17]---EXP gained[140995791]---
[3524][2018-12-13 18:58:17]---bigTigerForce(*) exit game---
[3524][2018-12-13 18:58:23]
[3524][2018-12-13 18:58:23]<Hackmap>: Sting's Hackmap For Diablo II fixed by ding (v1.13c.1.5) installed.
[3524][2018-12-13 18:58:23]<Hackmap>: 一葉周年版, E鍵BUGKB/KD保護, N鍵物品鑒別方案, V鍵顯示垃圾物品, X鍵切換物品顯示模式 
[3524][2018-12-13 18:58:24]bigTigerForce：players set to 8
[3524][2018-12-13 18:58:27]2494顆喬丹之石賣給商人
[3524][2018-12-13 19:00:29]<Hackmap>: Show hidden items on.
[3524][2018-12-13 19:00:37]<Hackmap>: Show hidden items off.
[3524][2018-12-13 19:23:46]bigTigerForce死亡，殺死他的是毀滅猴怪
[3524][2018-12-13 19:23:49]---EXP gained[4948855]---
[3524][2018-12-13 19:23:49]---bigTigerForce(*) exit game---
[3AF0][2018-12-14 12:55:57]
[3AF0][2018-12-14 12:55:57]<Hackmap>: Sting's Hackmap For Diablo II fixed by ding (v1.13c.1.5) installed.
[3AF0][2018-12-14 12:55:58]<Hackmap>: 一葉周年版, E鍵BUGKB/KD保護, N鍵物品鑒別方案, V鍵顯示垃圾物品, X鍵切換物品顯示模式 
[3AF0][2018-12-14 12:55:59]bigTigerForce：players set to 8
[3AF0][2018-12-14 12:56:01]1211顆喬丹之石賣給商人
[3AF0][2018-12-14 12:59:51]bigTigerForce死亡，殺死他的是撒卡蘭姆
[3AF0][2018-12-14 12:59:54]---EXP gained[-217693]---
[3AF0][2018-12-14 12:59:54]---bigTigerForce(*) exit game---
[3AF0][2018-12-14 12:59:59]
[3AF0][2018-12-14 12:59:59]<Hackmap>: Sting's Hackmap For Diablo II fixed by ding (v1.13c.1.5) installed.
[3AF0][2018-12-14 12:59:59]<Hackmap>: 一葉周年版, E鍵BUGKB/KD保護, N鍵物品鑒別方案, V鍵顯示垃圾物品, X鍵切換物品顯示模式 
[3AF0][2018-12-14 13:00:00]bigTigerForce：players set to 8
[3AF0][2018-12-14 13:00:04]1211顆喬丹之石賣給商人
[3AF0][2018-12-14 13:02:57]<Hackmap>: Perm show items on.
[3AF0][2018-12-14 13:04:16]bigTigerForce死亡，殺死他的是海爾奧芬特
[3AF0][2018-12-14 13:04:21]---EXP gained[1100633]---
[3AF0][2018-12-14 13:04:21]---bigTigerForce(*) exit game---
[3AF0][2018-12-14 13:04:26]
[3AF0][2018-12-14 13:04:26]<Hackmap>: Sting's Hackmap For Diablo II fixed by ding (v1.13c.1.5) installed.
[3AF0][2018-12-14 13:04:26]<Hackmap>: 一葉周年版, E鍵BUGKB/KD保護, N鍵物品鑒別方案, V鍵顯示垃圾物品, X鍵切換物品顯示模式 
[3AF0][2018-12-14 13:04:27]bigTigerForce：players set to 8
[3AF0][2018-12-14 13:04:30]1211顆喬丹之石賣給商人
[3AF0][2018-12-14 13:08:10]bigTigerForce死亡，殺死他的是海爾奧芬特
[3AF0][2018-12-14 13:15:17]<Hackmap>: Show hidden items on.
[3AF0][2018-12-14 13:15:22]<Hackmap>: Show hidden items off.
[3AF0][2018-12-14 13:17:37]<Hackmap>: Show hidden items on.
[3AF0][2018-12-14 13:17:42]<Hackmap>: Show hidden items off.
[3AF0][2018-12-14 13:18:50]<Hackmap>: Show hidden items on.
[3AF0][2018-12-14 13:18:53]<Hackmap>: Show hidden items off.
[3AF0][2018-12-14 13:22:28]<Hackmap>: Show hidden items on.
[3AF0][2018-12-14 13:22:30]<Hackmap>: Show hidden items off.
[3AF0][2018-12-14 13:32:01]<Hackmap>: Show hidden items on.
[3AF0][2018-12-14 13:32:03]<Hackmap>: Show hidden items off.
[3AF0][2018-12-14 13:34:55]<Hackmap>: Show hidden items on.
[3AF0][2018-12-14 13:34:56]<Hackmap>: Show hidden items off.
[3AF0][2018-12-14 13:35:08]---EXP gained[415681779]---
[3AF0][2018-12-14 13:35:08]---bigTigerForce(*) exit game---
[1738][2018-12-14 13:36:09]
[1738][2018-12-14 13:36:09]<Hackmap>: Sting's Hackmap For Diablo II fixed by ding (v1.13c.1.5) installed.
[1738][2018-12-14 13:36:09]<Hackmap>: 一葉周年版, E鍵BUGKB/KD保護, N鍵物品鑒別方案, V鍵顯示垃圾物品, X鍵切換物品顯示模式 
[1738][2018-12-14 13:36:10]bigTigerForce：players set to 8
[1738][2018-12-14 13:36:14]1884顆喬丹之石賣給商人
[1738][2018-12-14 13:37:02]<Hackmap>: Bug KD Protect on.
[1738][2018-12-14 13:37:02]<Hackmap>: Bug KB Protect off.
[1738][2018-12-14 13:37:10]---EXP gained[0]---
[1738][2018-12-14 13:37:10]---bigTigerForce(*) exit game---
[4488][2018-12-15 18:36:49]
[4488][2018-12-15 18:36:49]<Hackmap>: Sting's Hackmap For Diablo II fixed by ding (v1.13c.1.5) installed.
[4488][2018-12-15 18:36:50]<Hackmap>: 一葉周年版, E鍵BUGKB/KD保護, N鍵物品鑒別方案, V鍵顯示垃圾物品, X鍵切換物品顯示模式 
[4488][2018-12-15 18:36:51]bigTigerForce：players set to 8
[4488][2018-12-15 18:36:52]225顆喬丹之石賣給商人
[4488][2018-12-15 18:36:53]<Hackmap>: Bug KD Protect on.
[4488][2018-12-15 18:36:53]<Hackmap>: Bug KB Protect off.
[4488][2018-12-15 19:06:46]<Hackmap>: Show hidden items on.
[4488][2018-12-15 19:06:47]<Hackmap>: Show hidden items off.
[4488][2018-12-15 19:06:48]<Hackmap>: Show hidden items on.
[4488][2018-12-15 19:06:49]<Hackmap>: Perm show items on.
[4488][2018-12-15 19:06:52]<Hackmap>: Show hidden items off.
[4488][2018-12-15 19:06:55]<Hackmap>: Show hidden items on.
[4488][2018-12-15 19:07:05]<Hackmap>: Show hidden items off.
[4488][2018-12-15 19:07:10]---EXP gained[262756246]---
[4488][2018-12-15 19:07:10]---bigTigerForce(*) exit game---
[4488][2018-12-15 19:07:17]
[4488][2018-12-15 19:07:17]<Hackmap>: Sting's Hackmap For Diablo II fixed by ding (v1.13c.1.5) installed.
[4488][2018-12-15 19:07:17]<Hackmap>: 一葉周年版, E鍵BUGKB/KD保護, N鍵物品鑒別方案, V鍵顯示垃圾物品, X鍵切換物品顯示模式 
[4488][2018-12-15 19:07:18]bigTigerForce：players set to 8
[4488][2018-12-15 19:07:21]225顆喬丹之石賣給商人
[4488][2018-12-15 19:12:15]bigTigerForce死亡，殺死他的是地獄之牛
[4488][2018-12-15 19:12:19]---EXP gained[-12725682]---
[4488][2018-12-15 19:12:19]---bigTigerForce(*) exit game---
[4488][2018-12-15 19:12:24]
[4488][2018-12-15 19:12:24]<Hackmap>: Sting's Hackmap For Diablo II fixed by ding (v1.13c.1.5) installed.
[4488][2018-12-15 19:12:24]<Hackmap>: 一葉周年版, E鍵BUGKB/KD保護, N鍵物品鑒別方案, V鍵顯示垃圾物品, X鍵切換物品顯示模式 
[4488][2018-12-15 19:12:25]bigTigerForce：players set to 8
[4488][2018-12-15 19:12:29]225顆喬丹之石賣給商人
[4488][2018-12-15 19:13:02]---EXP gained[0]---
[4488][2018-12-15 19:13:02]---bigTigerForce(*) exit game---
[4488][2018-12-15 19:13:08]
[4488][2018-12-15 19:13:08]<Hackmap>: Sting's Hackmap For Diablo II fixed by ding (v1.13c.1.5) installed.
[4488][2018-12-15 19:13:08]<Hackmap>: 一葉周年版, E鍵BUGKB/KD保護, N鍵物品鑒別方案, V鍵顯示垃圾物品, X鍵切換物品顯示模式 
[4488][2018-12-15 19:13:09]bigTigerForce：players set to 8
[4488][2018-12-15 19:13:12]225顆喬丹之石賣給商人
[4488][2018-12-15 19:16:24]bigTigerForce死亡，殺死他的是地獄之牛
[4488][2018-12-15 19:16:28]---EXP gained[-13150729]---
[4488][2018-12-15 19:16:28]---bigTigerForce(*) exit game---
[4488][2018-12-15 19:16:36]
[4488][2018-12-15 19:16:36]<Hackmap>: Sting's Hackmap For Diablo II fixed by ding (v1.13c.1.5) installed.
[4488][2018-12-15 19:16:36]<Hackmap>: 一葉周年版, E鍵BUGKB/KD保護, N鍵物品鑒別方案, V鍵顯示垃圾物品, X鍵切換物品顯示模式 
[4488][2018-12-15 19:16:37]bigTigerForce：players set to 8
[4488][2018-12-15 19:16:40]225顆喬丹之石賣給商人
[4488][2018-12-15 19:25:28]<Hackmap>: Bug KD Protect off.
[4488][2018-12-15 19:25:28]<Hackmap>: Bug KB Protect on.
[4488][2018-12-15 19:25:29]<Hackmap>: Bug KD Protect on.
[4488][2018-12-15 19:25:29]<Hackmap>: Bug KB Protect off.
[4488][2018-12-15 19:34:56]<Hackmap>: Show hidden items on.
[4488][2018-12-15 19:35:06]<Hackmap>: Show hidden items off.
[4488][2018-12-15 19:39:04]<Hackmap>: Socket protect off.
[4488][2018-12-15 19:39:34]<Hackmap>: Show hidden items on.
[4488][2018-12-15 19:40:41]<Hackmap>: Show hidden items off.
[4488][2018-12-15 19:40:42]<Hackmap>: Show hidden items on.
[4488][2018-12-15 19:40:43]<Hackmap>: Show hidden items off.
[4488][2018-12-15 19:48:18]<Hackmap>: Show hidden items on.
[4488][2018-12-15 19:48:18]<Hackmap>: Show hidden items off.
[4488][2018-12-15 19:49:54]<Hackmap>: Show hidden items on.
[4488][2018-12-15 19:49:55]<Hackmap>: Show hidden items off.
[4488][2018-12-15 19:51:20]---EXP gained[257986903]---
[4488][2018-12-15 19:51:20]---bigTigerForce(*) exit game---
[4488][2018-12-15 19:51:25]
[4488][2018-12-15 19:51:25]<Hackmap>: Sting's Hackmap For Diablo II fixed by ding (v1.13c.1.5) installed.
[4488][2018-12-15 19:51:25]<Hackmap>: 一葉周年版, E鍵BUGKB/KD保護, N鍵物品鑒別方案, V鍵顯示垃圾物品, X鍵切換物品顯示模式 
[4488][2018-12-15 19:51:26]bigTigerForce：players set to 8
[4488][2018-12-15 19:51:29]225顆喬丹之石賣給商人
[4488][2018-12-15 19:52:47]<Hackmap>: Show hidden items on.
[4488][2018-12-15 19:52:48]<Hackmap>: Show hidden items off.
[4488][2018-12-15 19:58:34]---EXP gained[35496345]---
[4488][2018-12-15 19:58:34]---bigTigerForce(*) exit game---
[3E04][2018-12-16 10:43:59]
[3E04][2018-12-16 10:43:59]<Hackmap>: Sting's Hackmap For Diablo II fixed by ding (v1.13c.1.5) installed.
[3E04][2018-12-16 10:44:00]<Hackmap>: 一葉周年版, E鍵BUGKB/KD保護, N鍵物品鑒別方案, V鍵顯示垃圾物品, X鍵切換物品顯示模式 
[3E04][2018-12-16 10:44:01]bigTigerForce：players set to 8
[3E04][2018-12-16 10:44:03]2420顆喬丹之石賣給商人
[3E04][2018-12-16 10:48:17]---EXP gained[0]---
[3E04][2018-12-16 10:48:17]---bigTigerForce(*) exit game---
[0CB4][2018-12-16 11:13:41]
[0CB4][2018-12-16 11:13:41]<Hackmap>: Sting's Hackmap For Diablo II fixed by ding (v1.13c.1.5) installed.
[0CB4][2018-12-16 11:13:41]<Hackmap>: 一葉周年版, E鍵BUGKB/KD保護, N鍵物品鑒別方案, V鍵顯示垃圾物品, X鍵切換物品顯示模式 
[0CB4][2018-12-16 11:13:42]fuckingS：players set to 8
[0CB4][2018-12-16 11:13:45]2913顆喬丹之石賣給商人
[0CB4][2018-12-16 11:21:22]<Hackmap>: Perm show items on.
[0CB4][2018-12-16 11:31:45]<Hackmap>: Show hidden items on.
[0CB4][2018-12-16 11:31:48]<Hackmap>: Show hidden items off.
[0CB4][2018-12-16 11:31:50]<Hackmap>: Warning !! Only 0 Townportals Left 
[0CB4][2018-12-16 11:31:50]<Hackmap>: Warning !! Only 0 Townportals Left 
[0CB4][2018-12-16 11:39:14]---EXP gained[1480065]---
[0CB4][2018-12-16 11:39:14]---fuckingS(*) exit game---
[0CB4][2018-12-16 11:39:22]
[0CB4][2018-12-16 11:39:22]<Hackmap>: Sting's Hackmap For Diablo II fixed by ding (v1.13c.1.5) installed.
[0CB4][2018-12-16 11:39:23]<Hackmap>: 一葉周年版, E鍵BUGKB/KD保護, N鍵物品鑒別方案, V鍵顯示垃圾物品, X鍵切換物品顯示模式 
[0CB4][2018-12-16 11:39:23]fuckingS：players set to 8
[0CB4][2018-12-16 11:39:27]2913顆喬丹之石賣給商人
[0CB4][2018-12-16 11:43:05]---EXP gained[0]---
[0CB4][2018-12-16 11:43:05]---fuckingS(*) exit game---
[0CB4][2018-12-16 11:43:09]
[0CB4][2018-12-16 11:43:09]<Hackmap>: Sting's Hackmap For Diablo II fixed by ding (v1.13c.1.5) installed.
[0CB4][2018-12-16 11:43:09]<Hackmap>: 一葉周年版, E鍵BUGKB/KD保護, N鍵物品鑒別方案, V鍵顯示垃圾物品, X鍵切換物品顯示模式 
[0CB4][2018-12-16 11:43:10]fuckingS：players set to 8
[0CB4][2018-12-16 11:43:13]2913顆喬丹之石賣給商人
[0CB4][2018-12-16 11:45:10]<Hackmap>: Show hidden items on.
[0CB4][2018-12-16 11:45:12]<Hackmap>: Show hidden items off.
[0CB4][2018-12-16 12:28:19]---EXP gained[793584]---
[0CB4][2018-12-16 12:28:19]---fuckingS(*) exit game---
[3260][2018-12-16 16:03:25]
[3260][2018-12-16 16:03:25]<Hackmap>: Sting's Hackmap For Diablo II fixed by ding (v1.13c.1.5) installed.
[3260][2018-12-16 16:03:25]<Hackmap>: 一葉周年版, E鍵BUGKB/KD保護, N鍵物品鑒別方案, V鍵顯示垃圾物品, X鍵切換物品顯示模式 
[3260][2018-12-16 16:03:26]fuckingS：players set to 8
[3260][2018-12-16 16:03:28]2167顆喬丹之石賣給商人
[3260][2018-12-16 16:04:18]<Hackmap>: Perm show items on.
[3260][2018-12-16 16:06:42]<Hackmap>: Show hidden items on.
[3260][2018-12-16 16:06:43]<Hackmap>: Show hidden items off.
[3260][2018-12-16 16:08:59]<Hackmap>: Show hidden items on.
[3260][2018-12-16 16:09:14]<Hackmap>: Show hidden items off.
[3260][2018-12-16 16:13:47]<Hackmap>: Show hidden items on.
[3260][2018-12-16 16:13:49]<Hackmap>: Show hidden items off.
[3260][2018-12-16 16:23:27]<Hackmap>: Show hidden items on.
[3260][2018-12-16 16:23:27]<Hackmap>: Show hidden items off.
[3260][2018-12-16 16:23:30]---EXP gained[91430499]---
[3260][2018-12-16 16:23:30]---fuckingS(*) exit game---
[3260][2018-12-16 16:23:38]
[3260][2018-12-16 16:23:38]<Hackmap>: Sting's Hackmap For Diablo II fixed by ding (v1.13c.1.5) installed.
[3260][2018-12-16 16:23:38]<Hackmap>: 一葉周年版, E鍵BUGKB/KD保護, N鍵物品鑒別方案, V鍵顯示垃圾物品, X鍵切換物品顯示模式 
[3260][2018-12-16 16:23:38]fuckingS：players set to 8
[3260][2018-12-16 16:23:42]2167顆喬丹之石賣給商人
[3260][2018-12-16 16:50:40]---EXP gained[0]---
[3260][2018-12-16 16:50:40]---fuckingS(*) exit game---
[3260][2018-12-16 16:50:45]
[3260][2018-12-16 16:50:45]<Hackmap>: Sting's Hackmap For Diablo II fixed by ding (v1.13c.1.5) installed.
[3260][2018-12-16 16:50:45]<Hackmap>: 一葉周年版, E鍵BUGKB/KD保護, N鍵物品鑒別方案, V鍵顯示垃圾物品, X鍵切換物品顯示模式 
[3260][2018-12-16 16:50:46]fuckingS：players set to 8
[3260][2018-12-16 16:50:49]2167顆喬丹之石賣給商人
[3260][2018-12-16 16:56:52]---EXP gained[12301713]---
[3260][2018-12-16 16:56:52]---fuckingS(*) exit game---
[3260][2018-12-16 16:56:57]
[3260][2018-12-16 16:56:57]<Hackmap>: Sting's Hackmap For Diablo II fixed by ding (v1.13c.1.5) installed.
[3260][2018-12-16 16:56:57]<Hackmap>: 一葉周年版, E鍵BUGKB/KD保護, N鍵物品鑒別方案, V鍵顯示垃圾物品, X鍵切換物品顯示模式 
[3260][2018-12-16 16:56:58]fuckingS：players set to 8
[3260][2018-12-16 16:57:01]2167顆喬丹之石賣給商人
[3260][2018-12-16 16:57:08]---EXP gained[0]---
[3260][2018-12-16 16:57:08]---fuckingS(*) exit game---
[3260][2018-12-16 16:57:12]
[3260][2018-12-16 16:57:12]<Hackmap>: Sting's Hackmap For Diablo II fixed by ding (v1.13c.1.5) installed.
[3260][2018-12-16 16:57:13]<Hackmap>: 一葉周年版, E鍵BUGKB/KD保護, N鍵物品鑒別方案, V鍵顯示垃圾物品, X鍵切換物品顯示模式 
[3260][2018-12-16 16:57:13]fuckingS：players set to 8
[3260][2018-12-16 16:57:17]2167顆喬丹之石賣給商人
[3260][2018-12-16 16:57:43]---EXP gained[0]---
[3260][2018-12-16 16:57:43]---fuckingS(*) exit game---
[3260][2018-12-16 16:57:48]
[3260][2018-12-16 16:57:48]<Hackmap>: Sting's Hackmap For Diablo II fixed by ding (v1.13c.1.5) installed.
[3260][2018-12-16 16:57:48]<Hackmap>: 一葉周年版, E鍵BUGKB/KD保護, N鍵物品鑒別方案, V鍵顯示垃圾物品, X鍵切換物品顯示模式 
[3260][2018-12-16 16:57:49]fuckingS：players set to 8
[3260][2018-12-16 16:57:53]2167顆喬丹之石賣給商人
[3260][2018-12-16 16:58:41]---EXP gained[0]---
[3260][2018-12-16 16:58:41]---fuckingS(*) exit game---
[3260][2018-12-16 16:58:46]
[3260][2018-12-16 16:58:46]<Hackmap>: Sting's Hackmap For Diablo II fixed by ding (v1.13c.1.5) installed.
[3260][2018-12-16 16:58:46]<Hackmap>: 一葉周年版, E鍵BUGKB/KD保護, N鍵物品鑒別方案, V鍵顯示垃圾物品, X鍵切換物品顯示模式 
[3260][2018-12-16 16:58:46]fuckingS：players set to 8
[3260][2018-12-16 16:58:50]2167顆喬丹之石賣給商人
[3260][2018-12-16 17:06:01]<Hackmap>: Show hidden items on.
[3260][2018-12-16 17:06:06]<Hackmap>: Show hidden items off.
[3260][2018-12-16 17:06:14]<Hackmap>: Show hidden items on.
[3260][2018-12-16 17:06:22]<Hackmap>: Show hidden items off.
[3260][2018-12-16 17:22:09]---EXP gained[538267977]---
[3260][2018-12-16 17:22:09]---fuckingS(*) exit game---
[3260][2018-12-16 17:22:16]
[3260][2018-12-16 17:22:16]<Hackmap>: Sting's Hackmap For Diablo II fixed by ding (v1.13c.1.5) installed.
[3260][2018-12-16 17:22:16]<Hackmap>: 一葉周年版, E鍵BUGKB/KD保護, N鍵物品鑒別方案, V鍵顯示垃圾物品, X鍵切換物品顯示模式 
[3260][2018-12-16 17:22:17]fuckingS：players set to 8
[3260][2018-12-16 17:22:20]2167顆喬丹之石賣給商人
[3260][2018-12-16 17:25:59]<Hackmap>: Show hidden items on.
[3260][2018-12-16 17:26:01]<Hackmap>: Show hidden items off.
[3260][2018-12-16 17:29:10]<Hackmap>: Show hidden items on.
[3260][2018-12-16 17:29:13]<Hackmap>: Show hidden items off.
[3260][2018-12-16 17:30:34]<Hackmap>: Show hidden items on.
[3260][2018-12-16 17:30:35]<Hackmap>: Show hidden items off.
[3260][2018-12-16 17:43:59]fuckingS死亡，殺死他的是靈魂殺手
[3260][2018-12-16 17:44:07]---EXP gained[294255183]---
[3260][2018-12-16 17:44:07]---fuckingS(*) exit game---
[3260][2018-12-16 17:44:15]
[3260][2018-12-16 17:44:15]<Hackmap>: Sting's Hackmap For Diablo II fixed by ding (v1.13c.1.5) installed.
[3260][2018-12-16 17:44:15]<Hackmap>: 一葉周年版, E鍵BUGKB/KD保護, N鍵物品鑒別方案, V鍵顯示垃圾物品, X鍵切換物品顯示模式 
[3260][2018-12-16 17:44:16]fuckingS：players set to 8
[3260][2018-12-16 17:44:20]2167顆喬丹之石賣給商人
[3260][2018-12-16 17:49:38]<Hackmap>: Show hidden items on.
[3260][2018-12-16 17:49:43]<Hackmap>: Show hidden items off.
[3260][2018-12-16 17:55:25]<Hackmap>: Bug KD Protect on.
[3260][2018-12-16 17:55:25]<Hackmap>: Bug KB Protect off.
[3260][2018-12-16 17:59:33]fuckingS死亡，殺死他的是塔力克
[3260][2018-12-16 17:59:35]---EXP gained[344816221]---
[3260][2018-12-16 17:59:35]---fuckingS(*) exit game---
[3260][2018-12-16 17:59:40]
[3260][2018-12-16 17:59:40]<Hackmap>: Sting's Hackmap For Diablo II fixed by ding (v1.13c.1.5) installed.
[3260][2018-12-16 17:59:40]<Hackmap>: 一葉周年版, E鍵BUGKB/KD保護, N鍵物品鑒別方案, V鍵顯示垃圾物品, X鍵切換物品顯示模式 
[3260][2018-12-16 17:59:41]fuckingS：players set to 8
[3260][2018-12-16 17:59:45]2167顆喬丹之石賣給商人
[3260][2018-12-16 18:00:48]fuckingS死亡，殺死他的是馬道克
[3260][2018-12-16 18:00:51]---EXP gained[-11279472]---
[3260][2018-12-16 18:00:51]---fuckingS(*) exit game---
[3260][2018-12-16 18:00:55]
[3260][2018-12-16 18:00:55]<Hackmap>: Sting's Hackmap For Diablo II fixed by ding (v1.13c.1.5) installed.
[3260][2018-12-16 18:00:55]<Hackmap>: 一葉周年版, E鍵BUGKB/KD保護, N鍵物品鑒別方案, V鍵顯示垃圾物品, X鍵切換物品顯示模式 
[3260][2018-12-16 18:00:56]fuckingS：players set to 8
[3260][2018-12-16 18:01:00]2167顆喬丹之石賣給商人
[3260][2018-12-16 18:01:31]---EXP gained[0]---
[3260][2018-12-16 18:01:31]---fuckingS(*) exit game---
[3260][2018-12-16 18:01:40]
[3260][2018-12-16 18:01:40]<Hackmap>: Sting's Hackmap For Diablo II fixed by ding (v1.13c.1.5) installed.
[3260][2018-12-16 18:01:40]<Hackmap>: 一葉周年版, E鍵BUGKB/KD保護, N鍵物品鑒別方案, V鍵顯示垃圾物品, X鍵切換物品顯示模式 
[3260][2018-12-16 18:01:40]fuckingS：players set to 8
[3260][2018-12-16 18:01:44]2167顆喬丹之石賣給商人
[3260][2018-12-16 18:06:30]fuckingS死亡，殺死他的是法蛇法師
[3260][2018-12-16 18:06:40]fuckingS死亡，殺死他的是燃燒的靈魂
[3260][2018-12-16 18:06:42]---EXP gained[25900606]---
[3260][2018-12-16 18:06:42]---fuckingS(*) exit game---
[3260][2018-12-16 18:06:47]
[3260][2018-12-16 18:06:47]<Hackmap>: Sting's Hackmap For Diablo II fixed by ding (v1.13c.1.5) installed.
[3260][2018-12-16 18:06:47]<Hackmap>: 一葉周年版, E鍵BUGKB/KD保護, N鍵物品鑒別方案, V鍵顯示垃圾物品, X鍵切換物品顯示模式 
[3260][2018-12-16 18:06:48]fuckingS：players set to 8
[3260][2018-12-16 18:06:52]2167顆喬丹之石賣給商人
[3260][2018-12-16 18:12:28]---EXP gained[201301077]---
[3260][2018-12-16 18:12:28]---fuckingS(*) exit game---
[3260][2018-12-16 18:12:35]
[3260][2018-12-16 18:12:35]<Hackmap>: Sting's Hackmap For Diablo II fixed by ding (v1.13c.1.5) installed.
[3260][2018-12-16 18:12:35]<Hackmap>: 一葉周年版, E鍵BUGKB/KD保護, N鍵物品鑒別方案, V鍵顯示垃圾物品, X鍵切換物品顯示模式 
[3260][2018-12-16 18:12:36]fuckingS：players set to 8
[3260][2018-12-16 18:12:40]2167顆喬丹之石賣給商人
[3260][2018-12-16 18:26:52]fuckingS死亡，殺死他的是地獄之牛
[3260][2018-12-16 18:26:54]---EXP gained[73251739]---
[3260][2018-12-16 18:26:54]---fuckingS(*) exit game---
[25AC][2018-12-19 18:38:35]
[25AC][2018-12-19 18:38:35]<Hackmap>: Sting's Hackmap For Diablo II fixed by ding (v1.13c.1.5) installed.
[25AC][2018-12-19 18:38:36]<Hackmap>: 一葉周年版, E鍵BUGKB/KD保護, N鍵物品鑒別方案, V鍵顯示垃圾物品, X鍵切換物品顯示模式 
[25AC][2018-12-19 18:38:37]fuckingS：players set to 8
[25AC][2018-12-19 18:38:38]1492顆喬丹之石賣給商人
[25AC][2018-12-19 18:45:51]<Hackmap>: Perm show items on.
[25AC][2018-12-19 18:47:03]---EXP gained[14518314]---
[25AC][2018-12-19 18:47:03]---fuckingS(*) exit game---
[2090][2018-12-20 18:46:48]
[2090][2018-12-20 18:46:49]<Hackmap>: Sting's Hackmap For Diablo II fixed by ding (v1.13c.1.5) installed.
[2090][2018-12-20 18:46:49]<Hackmap>: 一葉周年版, E鍵BUGKB/KD保護, N鍵物品鑒別方案, V鍵顯示垃圾物品, X鍵切換物品顯示模式 
[2090][2018-12-20 18:46:50]fuckingS：players set to 8
[2090][2018-12-20 18:46:51]538顆喬丹之石賣給商人
[2090][2018-12-20 18:48:00]<Hackmap>: Perm show items on.
[2090][2018-12-20 18:51:30]<Hackmap>: Show hidden items on.
[2090][2018-12-20 18:51:33]<Hackmap>: Show hidden items off.
[2090][2018-12-20 18:51:34]<Hackmap>: Show hidden items on.
[2090][2018-12-20 18:51:36]<Hackmap>: Show hidden items off.
[2090][2018-12-20 18:52:41]<Hackmap>: Perm show items off.
[2090][2018-12-20 18:52:53]<Hackmap>: Perm show items on.
[2090][2018-12-20 18:53:11]<Hackmap>: Show hidden items on.
[2090][2018-12-20 18:53:19]<Hackmap>: Show hidden items off.
[2090][2018-12-20 18:54:05]<Hackmap>: Show hidden items on.
[2090][2018-12-20 18:54:11]<Hackmap>: Show hidden items off.
[2090][2018-12-20 18:54:39]---EXP gained[126133392]---
[2090][2018-12-20 18:54:39]---fuckingS(*) exit game---
[2090][2018-12-20 18:55:02]
[2090][2018-12-20 18:55:02]<Hackmap>: Sting's Hackmap For Diablo II fixed by ding (v1.13c.1.5) installed.
[2090][2018-12-20 18:55:02]<Hackmap>: 一葉周年版, E鍵BUGKB/KD保護, N鍵物品鑒別方案, V鍵顯示垃圾物品, X鍵切換物品顯示模式 
[2090][2018-12-20 18:55:03]fuckingM：players set to 8
[2090][2018-12-20 18:55:06]538顆喬丹之石賣給商人
[2090][2018-12-20 18:59:45]---EXP gained[0]---
[2090][2018-12-20 18:59:45]---fuckingM(*) exit game---
[2090][2018-12-20 18:59:50]
[2090][2018-12-20 18:59:50]<Hackmap>: Sting's Hackmap For Diablo II fixed by ding (v1.13c.1.5) installed.
[2090][2018-12-20 18:59:50]<Hackmap>: 一葉周年版, E鍵BUGKB/KD保護, N鍵物品鑒別方案, V鍵顯示垃圾物品, X鍵切換物品顯示模式 
[2090][2018-12-20 18:59:51]fuckingS：players set to 8
[2090][2018-12-20 18:59:55]538顆喬丹之石賣給商人
[2090][2018-12-20 19:00:47]---EXP gained[0]---
[2090][2018-12-20 19:00:47]---fuckingS(*) exit game---
[2090][2018-12-20 19:00:50]
[2090][2018-12-20 19:00:50]<Hackmap>: Sting's Hackmap For Diablo II fixed by ding (v1.13c.1.5) installed.
[2090][2018-12-20 19:00:50]<Hackmap>: 一葉周年版, E鍵BUGKB/KD保護, N鍵物品鑒別方案, V鍵顯示垃圾物品, X鍵切換物品顯示模式 
[2090][2018-12-20 19:00:51]fuckingM：players set to 8
[2090][2018-12-20 19:00:55]538顆喬丹之石賣給商人
[2090][2018-12-20 19:12:17]<Hackmap>: Auto Invite Toggle off.
[2090][2018-12-20 19:16:48]<Hackmap>: Warning !! Only 0 Townportals Left 
[2090][2018-12-20 19:16:48]<Hackmap>: Warning !! Only 0 Townportals Left 
[2090][2018-12-20 19:38:02]<Hackmap>: Show hidden items on.
[2090][2018-12-20 19:38:07]<Hackmap>: Show hidden items off.
[2090][2018-12-20 19:47:29]---EXP gained[20407812]---
[2090][2018-12-20 19:47:29]---fuckingM(*) exit game---
[2738][2018-12-22 15:08:49]
[2738][2018-12-22 15:08:50]<Hackmap>: Sting's Hackmap For Diablo II fixed by ding (v1.13c.1.5) installed.
[2738][2018-12-22 15:08:50]<Hackmap>: 一葉周年版, E鍵BUGKB/KD保護, N鍵物品鑒別方案, V鍵顯示垃圾物品, X鍵切換物品顯示模式 
[2738][2018-12-22 15:08:51]fuckingM：players set to 8
[2738][2018-12-22 15:08:53]306顆喬丹之石賣給商人
[2738][2018-12-22 15:11:18]<Hackmap>: Perm show items on.
[2738][2018-12-22 15:19:10]<Hackmap>: Show hidden items on.
[2738][2018-12-22 15:19:14]<Hackmap>: Show hidden items off.
[2738][2018-12-22 15:19:17]---EXP gained[79564313]---
[2738][2018-12-22 15:19:17]---fuckingM(*) exit game---
[2738][2018-12-22 15:19:23]
[2738][2018-12-22 15:19:23]<Hackmap>: Sting's Hackmap For Diablo II fixed by ding (v1.13c.1.5) installed.
[2738][2018-12-22 15:19:23]<Hackmap>: 一葉周年版, E鍵BUGKB/KD保護, N鍵物品鑒別方案, V鍵顯示垃圾物品, X鍵切換物品顯示模式 
[2738][2018-12-22 15:19:23]fuckingM：players set to 8
[2738][2018-12-22 15:19:27]306顆喬丹之石賣給商人
[2738][2018-12-22 15:24:53]<Hackmap>: Show hidden items on.
[2738][2018-12-22 15:24:54]<Hackmap>: Show hidden items off.
[2738][2018-12-22 15:37:43]<Hackmap>: Show hidden items on.
[2738][2018-12-22 15:37:58]<Hackmap>: Show hidden items off.
[2738][2018-12-22 15:49:42]fuckingM死亡，殺死他的是厄運騎士
[2738][2018-12-22 15:49:48]---EXP gained[139220320]---
[2738][2018-12-22 15:49:48]---fuckingM(*) exit game---
[2738][2018-12-22 15:49:56]
[2738][2018-12-22 15:49:56]<Hackmap>: Sting's Hackmap For Diablo II fixed by ding (v1.13c.1.5) installed.
[2738][2018-12-22 15:49:56]<Hackmap>: 一葉周年版, E鍵BUGKB/KD保護, N鍵物品鑒別方案, V鍵顯示垃圾物品, X鍵切換物品顯示模式 
[2738][2018-12-22 15:49:57]fuckingM：players set to 8
[2738][2018-12-22 15:50:00]306顆喬丹之石賣給商人
[2738][2018-12-22 15:51:10]fuckingM死亡，殺死他的是厄運騎士
[2738][2018-12-22 15:51:14]---EXP gained[36066]---
[2738][2018-12-22 15:51:14]---fuckingM(*) exit game---
[2738][2018-12-22 15:51:36]
[2738][2018-12-22 15:51:36]<Hackmap>: Sting's Hackmap For Diablo II fixed by ding (v1.13c.1.5) installed.
[2738][2018-12-22 15:51:36]<Hackmap>: 一葉周年版, E鍵BUGKB/KD保護, N鍵物品鑒別方案, V鍵顯示垃圾物品, X鍵切換物品顯示模式 
[2738][2018-12-22 15:51:37]fuckingM：players set to 8
[2738][2018-12-22 15:51:40]306顆喬丹之石賣給商人
[2738][2018-12-22 15:55:37]<Hackmap>: Show hidden items on.
[2738][2018-12-22 15:55:42]<Hackmap>: Show hidden items off.
[2738][2018-12-22 16:08:26]---EXP gained[402690736]---
[2738][2018-12-22 16:08:26]---fuckingM(*) exit game---
[1688][2018-12-22 16:16:25]
[1688][2018-12-22 16:16:25]<Hackmap>: Sting's Hackmap For Diablo II fixed by ding (v1.13c.1.5) installed.
[1688][2018-12-22 16:16:25]<Hackmap>: 一葉周年版, E鍵BUGKB/KD保護, N鍵物品鑒別方案, V鍵顯示垃圾物品, X鍵切換物品顯示模式 
[1688][2018-12-22 16:16:25]fuckingM：players set to 8
[1688][2018-12-22 16:16:29]1441顆喬丹之石賣給商人
[1688][2018-12-22 16:16:54]---EXP gained[0]---
[1688][2018-12-22 16:16:54]---fuckingM(*) exit game---
[1688][2018-12-22 16:17:05]
[1688][2018-12-22 16:17:05]<Hackmap>: Sting's Hackmap For Diablo II fixed by ding (v1.13c.1.5) installed.
[1688][2018-12-22 16:17:05]<Hackmap>: 一葉周年版, E鍵BUGKB/KD保護, N鍵物品鑒別方案, V鍵顯示垃圾物品, X鍵切換物品顯示模式 
[1688][2018-12-22 16:17:06]fuckingS：players set to 8
[1688][2018-12-22 16:17:09]1441顆喬丹之石賣給商人
[1688][2018-12-22 16:17:40]---EXP gained[0]---
[1688][2018-12-22 16:17:40]---fuckingS(*) exit game---
[1688][2018-12-22 16:18:04]
[1688][2018-12-22 16:18:04]<Hackmap>: Sting's Hackmap For Diablo II fixed by ding (v1.13c.1.5) installed.
[1688][2018-12-22 16:18:04]<Hackmap>: 一葉周年版, E鍵BUGKB/KD保護, N鍵物品鑒別方案, V鍵顯示垃圾物品, X鍵切換物品顯示模式 
[1688][2018-12-22 16:18:04]FuckingS：players set to 8
[1688][2018-12-22 16:18:08]1441顆喬丹之石賣給商人
[1688][2018-12-22 16:20:31]<Hackmap>: Perm show items on.
[1688][2018-12-22 16:28:13]<Hackmap>: Show hidden items on.
[1688][2018-12-22 16:30:17]<Hackmap>: Show hidden items off.
[1688][2018-12-22 16:30:27]<Hackmap>: Warning !! Only 0 Townportals Left 
[1688][2018-12-22 16:30:27]<Hackmap>: Warning !! Only 0 Townportals Left 
[1688][2018-12-22 16:35:42]1442顆喬丹之石賣給商人
[1688][2018-12-22 16:36:17]<Hackmap>: Show hidden items on.
[1688][2018-12-22 16:36:20]<Hackmap>: Show hidden items off.
[1688][2018-12-22 16:36:20]<Hackmap>: Show hidden items on.
[1688][2018-12-22 16:36:23]<Hackmap>: Show hidden items off.
[1688][2018-12-22 16:40:31]<Hackmap>: Show hidden items on.
[1688][2018-12-22 16:40:35]<Hackmap>: Show hidden items off.
[1688][2018-12-22 16:43:31]<Hackmap>: Show hidden items on.
[1688][2018-12-22 16:43:32]<Hackmap>: Show hidden items off.
[1688][2018-12-22 16:43:34]<Hackmap>: Show hidden items on.
[1688][2018-12-22 16:43:37]<Hackmap>: Show hidden items off.
[1688][2018-12-22 16:47:24]<Hackmap>: Show hidden items on.
[1688][2018-12-22 16:47:29]<Hackmap>: Show hidden items off.
[1688][2018-12-22 16:51:31]<Hackmap>: Show hidden items on.
[1688][2018-12-22 16:51:34]<Hackmap>: Show hidden items off.
[1688][2018-12-22 16:52:59]<Hackmap>: Show hidden items on.
[1688][2018-12-22 16:53:02]<Hackmap>: Show hidden items off.
[1688][2018-12-22 16:56:50]FuckingS死亡，殺死他的是暗黑破壞神
[1688][2018-12-22 16:59:26]<Hackmap>: Show hidden items on.
[1688][2018-12-22 16:59:29]<Hackmap>: Show hidden items off.
[1688][2018-12-22 17:07:19]<Hackmap>: Show hidden items on.
[1688][2018-12-22 17:07:22]<Hackmap>: Show hidden items off.
[1688][2018-12-22 17:07:26]---EXP gained[98606543]---
[1688][2018-12-22 17:07:26]---FuckingS(*) exit game---
[1688][2018-12-22 17:07:33]
[1688][2018-12-22 17:07:33]<Hackmap>: Sting's Hackmap For Diablo II fixed by ding (v1.13c.1.5) installed.
[1688][2018-12-22 17:07:33]<Hackmap>: 一葉周年版, E鍵BUGKB/KD保護, N鍵物品鑒別方案, V鍵顯示垃圾物品, X鍵切換物品顯示模式 
[1688][2018-12-22 17:07:33]FuckingS：players set to 8
[1688][2018-12-22 17:07:37]1442顆喬丹之石賣給商人
[1688][2018-12-22 17:34:18]<Hackmap>: Show hidden items on.
[1688][2018-12-22 17:34:21]<Hackmap>: Show hidden items off.
[1688][2018-12-22 17:47:12]<Hackmap>: Show hidden items on.
[1688][2018-12-22 17:47:13]<Hackmap>: Show hidden items off.
[1688][2018-12-22 17:47:14]<Hackmap>: Show hidden items on.
[1688][2018-12-22 17:47:17]<Hackmap>: Show hidden items off.
[1688][2018-12-22 17:49:48]<Hackmap>: Show hidden items on.
[1688][2018-12-22 17:49:49]<Hackmap>: Show hidden items off.
[1688][2018-12-22 17:49:49]<Hackmap>: Show hidden items on.
[1688][2018-12-22 17:49:50]<Hackmap>: Show hidden items off.
[1688][2018-12-22 17:51:11]<Hackmap>: Show hidden items on.
[1688][2018-12-22 17:51:13]<Hackmap>: Show hidden items off.
[1688][2018-12-22 17:54:38]<Hackmap>: Show hidden items on.
[1688][2018-12-22 17:57:06]<Hackmap>: Show hidden items off.
[1688][2018-12-22 17:57:07]<Hackmap>: Show hidden items on.
[1688][2018-12-22 17:57:08]<Hackmap>: Show hidden items off.
[1688][2018-12-22 18:05:45]---EXP gained[539248397]---
[1688][2018-12-22 18:05:45]---FuckingS(*) exit game---
[1688][2018-12-22 18:05:50]
[1688][2018-12-22 18:05:50]<Hackmap>: Sting's Hackmap For Diablo II fixed by ding (v1.13c.1.5) installed.
[1688][2018-12-22 18:05:50]<Hackmap>: 一葉周年版, E鍵BUGKB/KD保護, N鍵物品鑒別方案, V鍵顯示垃圾物品, X鍵切換物品顯示模式 
[1688][2018-12-22 18:05:51]FuckingS：players set to 8
[1688][2018-12-22 18:05:55]1442顆喬丹之石賣給商人
[1688][2018-12-22 18:06:30]<Hackmap>: Show hidden items on.
[1688][2018-12-22 18:06:31]<Hackmap>: Show hidden items off.
[1688][2018-12-22 18:07:44]<Hackmap>: Show hidden items on.
[1688][2018-12-22 18:07:52]<Hackmap>: Show hidden items off.
[1688][2018-12-22 18:17:50]<Hackmap>: Show hidden items on.
[1688][2018-12-22 18:17:51]<Hackmap>: Show hidden items off.
[1688][2018-12-22 18:26:20]<Hackmap>: Show hidden items on.
[1688][2018-12-22 18:26:21]<Hackmap>: Show hidden items off.
[1688][2018-12-22 18:26:22]<Hackmap>: Show hidden items on.
[1688][2018-12-22 18:26:23]<Hackmap>: Show hidden items off.
[1688][2018-12-22 18:26:23]<Hackmap>: Show hidden items on.
[1688][2018-12-22 18:26:38]<Hackmap>: Show hidden items off.
[1688][2018-12-22 18:35:05]<Hackmap>: Bug KD Protect on.
[1688][2018-12-22 18:35:05]<Hackmap>: Bug KB Protect off.
[1688][2018-12-22 18:50:20]<Hackmap>: Show hidden items on.
[1688][2018-12-22 18:50:20]<Hackmap>: Show hidden items off.
[1688][2018-12-22 18:50:30]---EXP gained[901967759]---
[1688][2018-12-22 18:50:30]---FuckingS(*) exit game---
[1688][2018-12-22 18:50:35]
[1688][2018-12-22 18:50:35]<Hackmap>: Sting's Hackmap For Diablo II fixed by ding (v1.13c.1.5) installed.
[1688][2018-12-22 18:50:35]<Hackmap>: 一葉周年版, E鍵BUGKB/KD保護, N鍵物品鑒別方案, V鍵顯示垃圾物品, X鍵切換物品顯示模式 
[1688][2018-12-22 18:50:36]FuckingS：players set to 8
[1688][2018-12-22 18:50:40]1442顆喬丹之石賣給商人
[1688][2018-12-22 19:02:05]<Hackmap>: Socket Protect On
[1688][2018-12-22 19:02:07]<Hackmap>: Socket protect off.
[1688][2018-12-22 19:23:19]---EXP gained[226442167]---
[1688][2018-12-22 19:23:19]---FuckingS(*) exit game---
[35EC][2018-12-25 12:45:30]
[35EC][2018-12-25 12:45:31]<Hackmap>: Sting's Hackmap For Diablo II fixed by ding (v1.13c.1.5) installed.
[35EC][2018-12-25 12:45:31]<Hackmap>: 一葉周年版, E鍵BUGKB/KD保護, N鍵物品鑒別方案, V鍵顯示垃圾物品, X鍵切換物品顯示模式 
[35EC][2018-12-25 12:45:32]FuckingS：players set to 8
[35EC][2018-12-25 12:45:33]236顆喬丹之石賣給商人
[35EC][2018-12-25 12:49:31]---EXP gained[0]---
[35EC][2018-12-25 12:49:31]---FuckingS(*) exit game---
[189C][2018-12-26 12:26:39]
[189C][2018-12-26 12:26:39]<Hackmap>: Sting's Hackmap For Diablo II fixed by ding (v1.13c.1.5) installed.
[189C][2018-12-26 12:26:39]<Hackmap>: 一葉周年版, E鍵BUGKB/KD保護, N鍵物品鑒別方案, V鍵顯示垃圾物品, X鍵切換物品顯示模式 
[189C][2018-12-26 12:26:40]FuckingS：players set to 8
[189C][2018-12-26 12:26:43]1631顆喬丹之石賣給商人
[189C][2018-12-26 12:27:40]<Hackmap>: Perm show items on.
[189C][2018-12-26 12:31:25]FuckingS死亡，殺死他的是地獄之牛
[189C][2018-12-26 12:31:29]---EXP gained[7110555]---
[189C][2018-12-26 12:31:29]---FuckingS(*) exit game---
[189C][2018-12-26 12:31:34]
[189C][2018-12-26 12:31:34]<Hackmap>: Sting's Hackmap For Diablo II fixed by ding (v1.13c.1.5) installed.
[189C][2018-12-26 12:31:34]<Hackmap>: 一葉周年版, E鍵BUGKB/KD保護, N鍵物品鑒別方案, V鍵顯示垃圾物品, X鍵切換物品顯示模式 
[189C][2018-12-26 12:31:35]FuckingS：players set to 8
[189C][2018-12-26 12:31:39]1631顆喬丹之石賣給商人
[189C][2018-12-26 12:43:01]---EXP gained[40876727]---
[189C][2018-12-26 12:43:01]---FuckingS(*) exit game---
[189C][2018-12-26 12:43:06]
[189C][2018-12-26 12:43:06]<Hackmap>: Sting's Hackmap For Diablo II fixed by ding (v1.13c.1.5) installed.
[189C][2018-12-26 12:43:06]<Hackmap>: 一葉周年版, E鍵BUGKB/KD保護, N鍵物品鑒別方案, V鍵顯示垃圾物品, X鍵切換物品顯示模式 
[189C][2018-12-26 12:43:07]FuckingS：players set to 8
[189C][2018-12-26 12:43:10]1631顆喬丹之石賣給商人
[189C][2018-12-26 12:56:20]---EXP gained[40599990]---
[189C][2018-12-26 12:56:20]---FuckingS(*) exit game---
[189C][2018-12-26 12:56:25]
[189C][2018-12-26 12:56:25]<Hackmap>: Sting's Hackmap For Diablo II fixed by ding (v1.13c.1.5) installed.
[189C][2018-12-26 12:56:25]<Hackmap>: 一葉周年版, E鍵BUGKB/KD保護, N鍵物品鑒別方案, V鍵顯示垃圾物品, X鍵切換物品顯示模式 
[189C][2018-12-26 12:56:25]FuckingS：players set to 8
[189C][2018-12-26 12:56:29]1631顆喬丹之石賣給商人
[189C][2018-12-26 13:00:41]FuckingS死亡，殺死他的是地獄之牛
[189C][2018-12-26 13:00:44]---EXP gained[6176287]---
[189C][2018-12-26 13:00:44]---FuckingS(*) exit game---
[189C][2018-12-26 13:00:48]
[189C][2018-12-26 13:00:48]<Hackmap>: Sting's Hackmap For Diablo II fixed by ding (v1.13c.1.5) installed.
[189C][2018-12-26 13:00:48]<Hackmap>: 一葉周年版, E鍵BUGKB/KD保護, N鍵物品鑒別方案, V鍵顯示垃圾物品, X鍵切換物品顯示模式 
[189C][2018-12-26 13:00:49]FuckingS：players set to 8
[189C][2018-12-26 13:00:53]1631顆喬丹之石賣給商人
[189C][2018-12-26 13:02:44]<Hackmap>: Socket protect off.
[189C][2018-12-26 13:04:02]---EXP gained[0]---
[189C][2018-12-26 13:04:02]---FuckingS(*) exit game---
[2128][2018-12-27 13:01:13]
[2128][2018-12-27 13:01:13]<Hackmap>: Sting's Hackmap For Diablo II fixed by ding (v1.13c.1.5) installed.
[2128][2018-12-27 13:01:13]<Hackmap>: 一葉周年版, E鍵BUGKB/KD保護, N鍵物品鑒別方案, V鍵顯示垃圾物品, X鍵切換物品顯示模式 
[2128][2018-12-27 13:01:14]FuckingS：players set to 8
[2128][2018-12-27 13:01:15]1118顆喬丹之石賣給商人
[2128][2018-12-27 13:02:04]<Hackmap>: Perm show items on.
[2128][2018-12-27 13:11:17]---EXP gained[41894570]---
[2128][2018-12-27 13:11:17]---FuckingS(*) exit game---
[2128][2018-12-27 13:11:22]
[2128][2018-12-27 13:11:22]<Hackmap>: Sting's Hackmap For Diablo II fixed by ding (v1.13c.1.5) installed.
[2128][2018-12-27 13:11:22]<Hackmap>: 一葉周年版, E鍵BUGKB/KD保護, N鍵物品鑒別方案, V鍵顯示垃圾物品, X鍵切換物品顯示模式 
[2128][2018-12-27 13:11:23]FuckingS：players set to 8
[2128][2018-12-27 13:11:26]1118顆喬丹之石賣給商人
[2128][2018-12-27 13:15:34]FuckingS死亡，殺死他的是地獄之牛
[2128][2018-12-27 13:15:37]---EXP gained[20843262]---
[2128][2018-12-27 13:15:37]---FuckingS(*) exit game---
[2128][2018-12-27 13:15:42]
[2128][2018-12-27 13:15:42]<Hackmap>: Sting's Hackmap For Diablo II fixed by ding (v1.13c.1.5) installed.
[2128][2018-12-27 13:15:42]<Hackmap>: 一葉周年版, E鍵BUGKB/KD保護, N鍵物品鑒別方案, V鍵顯示垃圾物品, X鍵切換物品顯示模式 
[2128][2018-12-27 13:15:43]FuckingS：players set to 8
[2128][2018-12-27 13:15:46]1118顆喬丹之石賣給商人
[2128][2018-12-27 13:16:44]---EXP gained[0]---
[2128][2018-12-27 13:16:44]---FuckingS(*) exit game---
[08A4][2018-12-27 18:37:32]
[08A4][2018-12-27 18:37:32]<Hackmap>: Sting's Hackmap For Diablo II fixed by ding (v1.13c.1.5) installed.
[08A4][2018-12-27 18:37:33]<Hackmap>: 一葉周年版, E鍵BUGKB/KD保護, N鍵物品鑒別方案, V鍵顯示垃圾物品, X鍵切換物品顯示模式 
[08A4][2018-12-27 18:37:34]FuckingS：players set to 8
[08A4][2018-12-27 18:37:35]1149顆喬丹之石賣給商人
[08A4][2018-12-27 18:38:16]<Hackmap>: Perm show items on.
[08A4][2018-12-27 18:38:16]<Hackmap>: Perm show items off.
[08A4][2018-12-27 18:38:16]<Hackmap>: Perm show items on.
[08A4][2018-12-27 18:47:03]<Hackmap>: Socket Protect On
[08A4][2018-12-27 18:47:05]<Hackmap>: Socket protect off.
[08A4][2018-12-27 18:58:50]---EXP gained[23529897]---
[08A4][2018-12-27 18:58:50]---FuckingS(*) exit game---
[08A4][2018-12-27 18:58:55]
[08A4][2018-12-27 18:58:55]<Hackmap>: Sting's Hackmap For Diablo II fixed by ding (v1.13c.1.5) installed.
[08A4][2018-12-27 18:58:55]<Hackmap>: 一葉周年版, E鍵BUGKB/KD保護, N鍵物品鑒別方案, V鍵顯示垃圾物品, X鍵切換物品顯示模式 
[08A4][2018-12-27 18:58:56]FuckingS：players set to 8
[08A4][2018-12-27 18:59:00]1149顆喬丹之石賣給商人
[08A4][2018-12-27 19:14:25]---EXP gained[28665623]---
[08A4][2018-12-27 19:14:25]---FuckingS(*) exit game---
[08A4][2018-12-27 19:14:30]
[08A4][2018-12-27 19:14:30]<Hackmap>: Sting's Hackmap For Diablo II fixed by ding (v1.13c.1.5) installed.
[08A4][2018-12-27 19:14:30]<Hackmap>: 一葉周年版, E鍵BUGKB/KD保護, N鍵物品鑒別方案, V鍵顯示垃圾物品, X鍵切換物品顯示模式 
[08A4][2018-12-27 19:14:30]FuckingS：players set to 8
[08A4][2018-12-27 19:14:34]1149顆喬丹之石賣給商人
[08A4][2018-12-27 19:18:22]---EXP gained[87023]---
[08A4][2018-12-27 19:18:22]---FuckingS(*) exit game---
[1B30][2018-12-28 12:40:08]
[1B30][2018-12-28 12:40:08]<Hackmap>: Sting's Hackmap For Diablo II fixed by ding (v1.13c.1.5) installed.
[1B30][2018-12-28 12:40:08]<Hackmap>: 一葉周年版, E鍵BUGKB/KD保護, N鍵物品鑒別方案, V鍵顯示垃圾物品, X鍵切換物品顯示模式 
[1B30][2018-12-28 12:40:09]FuckingS：players set to 8
[1B30][2018-12-28 12:40:12]2474顆喬丹之石賣給商人
[1B30][2018-12-28 12:40:43]<Hackmap>: Perm show items on.
[1B30][2018-12-28 13:01:31]<Hackmap>: Show hidden items on.
[1B30][2018-12-28 13:01:32]<Hackmap>: Show hidden items off.
[1B30][2018-12-28 13:01:33]<Hackmap>: Show hidden items on.
[1B30][2018-12-28 13:01:35]---EXP gained[90256181]---
[1B30][2018-12-28 13:01:35]---FuckingS(*) exit game---
[1B30][2018-12-28 13:01:40]
[1B30][2018-12-28 13:01:40]<Hackmap>: Sting's Hackmap For Diablo II fixed by ding (v1.13c.1.5) installed.
[1B30][2018-12-28 13:01:40]<Hackmap>: 一葉周年版, E鍵BUGKB/KD保護, N鍵物品鑒別方案, V鍵顯示垃圾物品, X鍵切換物品顯示模式 
[1B30][2018-12-28 13:01:41]FuckingS：players set to 8
[1B30][2018-12-28 13:01:44]2474顆喬丹之石賣給商人
[1B30][2018-12-28 13:02:13]<Hackmap>: Show hidden items off.
[1B30][2018-12-28 13:07:56]<Hackmap>: Show hidden items on.
[1B30][2018-12-28 13:07:57]<Hackmap>: Show hidden items off.
[1B30][2018-12-28 13:08:12]---EXP gained[70820835]---
[1B30][2018-12-28 13:08:12]---FuckingS(*) exit game---
